<?xml version="1.0" encoding="UTF-8" ?>
<testsuite tests="1" failures="0" name="fr.epita.quiz.tests.unit.TestHibernate" time="0.009" errors="1" skipped="0">
  <properties>
[...]
</properties>
  <testcase classname="fr.epita.quiz.tests.unit.TestHibernate" name="testFirstSessionFactory" time="0.009">
    <error message="No EntityManager with actual transaction available for current thread - cannot reliably process &apos;persist&apos; call" type="javax.persistence.TransactionRequiredException">javax.persistence.TransactionRequiredException: No EntityManager with actual transaction available for current thread - cannot reliably process &apos;persist&apos; call
	at org.springframework.orm.jpa.SharedEntityManagerCreator$SharedEntityManagerInvocationHandler.invoke(SharedEntityManagerCreator.java:292)
	at com.sun.proxy.$Proxy45.persist(Unknown Source)
	at fr.epita.quiz.tests.unit.TestHibernate.testFirstSessionFactory(TestHibernate.java:26)
	at java.base/jdk.internal.reflect.NativeMethodAccessorImpl.invoke0(Native Method)
	at java.base/jdk.internal.reflect.NativeMethodAccessorImpl.invoke(NativeMethodAccessorImpl.java:62)
	at java.base/jdk.internal.reflect.DelegatingMethodAccessorImpl.invoke(DelegatingMethodAccessorImpl.java:43)
	at java.base/java.lang.reflect.Method.invoke(Method.java:566)
	at org.junit.runners.model.FrameworkMethod$1.runReflectiveCall(FrameworkMethod.java:50)
	at org.junit.internal.runners.model.ReflectiveCallable.run(ReflectiveCallable.java:12)
	at org.junit.runners.model.FrameworkMethod.invokeExplosively(FrameworkMethod.java:47)
	at org.junit.internal.runners.statements.InvokeMethod.evaluate(InvokeMethod.java:17)
	at org.springframework.test.context.junit4.statements.RunBeforeTestExecutionCallbacks.evaluate(RunBeforeTestExecutionCallbacks.java:74)
	at org.springframework.test.context.junit4.statements.RunAfterTestExecutionCallbacks.evaluate(RunAfterTestExecutionCallbacks.java:84)
	at org.springframework.test.context.junit4.statements.RunBeforeTestMethodCallbacks.evaluate(RunBeforeTestMethodCallbacks.java:75)
	at org.springframework.test.context.junit4.statements.RunAfterTestMethodCallbacks.evaluate(RunAfterTestMethodCallbacks.java:86)
	at org.springframework.test.context.junit4.statements.SpringRepeat.evaluate(SpringRepeat.java:84)
	at org.junit.runners.ParentRunner.runLeaf(ParentRunner.java:325)
	at org.springframework.test.context.junit4.SpringJUnit4ClassRunner.runChild(SpringJUnit4ClassRunner.java:251)
	at org.springframework.test.context.junit4.SpringJUnit4ClassRunner.runChild(SpringJUnit4ClassRunner.java:97)
	at org.junit.runners.ParentRunner$3.run(ParentRunner.java:290)
	at org.junit.runners.ParentRunner$1.schedule(ParentRunner.java:71)
	at org.junit.runners.ParentRunner.runChildren(ParentRunner.java:288)
	at org.junit.runners.ParentRunner.access$000(ParentRunner.java:58)
	at org.junit.runners.ParentRunner$2.evaluate(ParentRunner.java:268)
	at org.springframework.test.context.junit4.statements.RunBeforeTestClassCallbacks.evaluate(RunBeforeTestClassCallbacks.java:61)
	at org.springframework.test.context.junit4.statements.RunAfterTestClassCallbacks.evaluate(RunAfterTestClassCallbacks.java:70)
	at org.junit.runners.ParentRunner.run(ParentRunner.java:363)
	at org.springframework.test.context.junit4.SpringJUnit4ClassRunner.run(SpringJUnit4ClassRunner.java:190)
	at org.apache.maven.surefire.junit4.JUnit4Provider.execute(JUnit4Provider.java:252)
	at org.apache.maven.surefire.junit4.JUnit4Provider.executeTestSet(JUnit4Provider.java:141)
	at org.apache.maven.surefire.junit4.JUnit4Provider.invoke(JUnit4Provider.java:112)
	at java.base/jdk.internal.reflect.NativeMethodAccessorImpl.invoke0(Native Method)
	at java.base/jdk.internal.reflect.NativeMethodAccessorImpl.invoke(NativeMethodAccessorImpl.java:62)
	at java.base/jdk.internal.reflect.DelegatingMethodAccessorImpl.invoke(DelegatingMethodAccessorImpl.java:43)
	at java.base/java.lang.reflect.Method.invoke(Method.java:566)
	at org.apache.maven.surefire.util.ReflectionUtils.invokeMethodWithArray(ReflectionUtils.java:189)
	at org.apache.maven.surefire.booter.ProviderFactory$ProviderProxy.invoke(ProviderFactory.java:165)
	at org.apache.maven.surefire.booter.ProviderFactory.invokeProvider(ProviderFactory.java:85)
	at org.apache.maven.surefire.booter.ForkedBooter.runSuitesInProcess(ForkedBooter.java:115)
	at org.apache.maven.surefire.booter.ForkedBooter.main(ForkedBooter.java:75)
</error>
    <system-out>Hibernate: create table ANSWERS (id bigint not null, A_CONTENT varchar(255), A_QUESTION_FK bigint, A_USER_FK varchar(255), primary key (id))
Hibernate: create table ANSWERS_QUESTIONS (Question_id bigint not null, answers_id bigint not null)
Hibernate: create table MCQCHOICES (id bigint not null, MCQC_CHOICE varchar(255), MCQC_VALID boolean, MCQC_QUESTION_FK bigint, primary key (id))
Hibernate: create table MCQQUESTIONS_QUESTIONS (Question_id bigint not null, mcqChoices_id bigint not null)
Hibernate: create table QUESTIONS (id bigint not null, Q_TITLE varchar(255), primary key (id))
Hibernate: create table USERS (U_LOGIN varchar(255) not null, U_EMAIL varchar(255), primary key (U_LOGIN))
Hibernate: alter table ANSWERS_QUESTIONS drop constraint if exists UK_px6wgldesirvbjht96swr9d8o
Hibernate: alter table ANSWERS_QUESTIONS add constraint UK_px6wgldesirvbjht96swr9d8o unique (answers_id)
Hibernate: alter table MCQQUESTIONS_QUESTIONS drop constraint if exists UK_d4ia1ony2od9g5af77t7q59lm
Hibernate: alter table MCQQUESTIONS_QUESTIONS add constraint UK_d4ia1ony2od9g5af77t7q59lm unique (mcqChoices_id)
Hibernate: create sequence hibernate_sequence start with 1 increment by 1
Hibernate: alter table ANSWERS add constraint FK7quj3cb4wnf2pvb5j3m020qxa foreign key (A_QUESTION_FK) references QUESTIONS
Hibernate: alter table ANSWERS add constraint FKdiicvvh3n6w15g8e390qx9d3n foreign key (A_USER_FK) references USERS
Hibernate: alter table ANSWERS_QUESTIONS add constraint FKa41drpg106g4ty4ah8t8mb2wc foreign key (answers_id) references ANSWERS
Hibernate: alter table ANSWERS_QUESTIONS add constraint FK1qd5c79v33n2ariti4wwhfpy2 foreign key (Question_id) references QUESTIONS
Hibernate: alter table MCQCHOICES add constraint FKc4f5f7528d5jtmvgsjsc9ogov foreign key (MCQC_QUESTION_FK) references QUESTIONS
Hibernate: alter table MCQQUESTIONS_QUESTIONS add constraint FK4ixp50jf8jxrrcwkhc3obqioj foreign key (mcqChoices_id) references MCQCHOICES
Hibernate: alter table MCQQUESTIONS_QUESTIONS add constraint FK1tb31xpec1ee3nx9nlyfban8m foreign key (Question_id) references QUESTIONS
</system-out>
  </testcase>
</testsuite>